<?xml version="1.0" encoding="UTF-8"?>
<robot generator="Robot 6.0.2 (Python 3.10.4 on win32)" generated="20230125 16:19:15.549" rpa="false" schemaversion="3">
<suite id="s1" name="Add Employee Test" source="C:\orange_automation\2__employee_suite\01__add_employee_test.robot">
<test id="s1-t1" name="Add Valid Employee Test_TC1" line="14">
<kw name="Launch Browser And Navigate To Url" library="common_functionalities" type="SETUP">
<kw name="Open Browser" library="SeleniumLibrary">
<arg>browser=${BROWSER_NAME}</arg>
<doc>Opens a new browser instance to the optional ``url``.</doc>
<msg timestamp="20230125 16:19:16.711" level="INFO">Opening browser 'chrome' to base url 'None'.</msg>
<status status="PASS" starttime="20230125 16:19:16.711" endtime="20230125 16:19:18.749"/>
</kw>
<kw name="Maximize Browser Window" library="SeleniumLibrary">
<doc>Maximizes current browser window.</doc>
<status status="PASS" starttime="20230125 16:19:18.750" endtime="20230125 16:19:18.888"/>
</kw>
<kw name="Set Selenium Implicit Wait" library="SeleniumLibrary">
<arg>20s</arg>
<doc>Sets the implicit wait value used by Selenium.</doc>
<status status="PASS" starttime="20230125 16:19:18.891" endtime="20230125 16:19:18.895"/>
</kw>
<kw name="Go To" library="SeleniumLibrary">
<arg>url=${URL}</arg>
<doc>Navigates the current browser window to the provided ``url``.</doc>
<msg timestamp="20230125 16:19:18.898" level="INFO">Opening url 'https://opensource-demo.orangehrmlive.com/'</msg>
<status status="PASS" starttime="20230125 16:19:18.896" endtime="20230125 16:19:32.519"/>
</kw>
<status status="PASS" starttime="20230125 16:19:16.711" endtime="20230125 16:19:32.520"/>
</kw>
<kw name="Add Valid Employee Template">
<arg>Admin</arg>
<arg>admin123</arg>
<arg>John</arg>
<arg>j</arg>
<arg>ken</arg>
<arg>John ken</arg>
<arg>John</arg>
<kw name="Input Text" library="SeleniumLibrary">
<arg>name=username</arg>
<arg>${username}</arg>
<doc>Types the given ``text`` into the text field identified by ``locator``.</doc>
<msg timestamp="20230125 16:19:32.523" level="INFO">Typing text 'Admin' into text field 'name=username'.</msg>
<status status="PASS" starttime="20230125 16:19:32.522" endtime="20230125 16:19:33.975"/>
</kw>
<kw name="Input Password" library="SeleniumLibrary">
<arg>name=password</arg>
<arg>${password}</arg>
<doc>Types the given password into the text field identified by ``locator``.</doc>
<msg timestamp="20230125 16:19:33.975" level="INFO">Typing password into text field 'name=password'.</msg>
<msg timestamp="20230125 16:19:34.030" level="INFO">Temporally setting log level to: NONE</msg>
<msg timestamp="20230125 16:19:34.115" level="INFO">Log level changed from NONE to INFO.</msg>
<status status="PASS" starttime="20230125 16:19:33.975" endtime="20230125 16:19:34.115"/>
</kw>
<kw name="Click Element" library="SeleniumLibrary">
<arg>xpath=//button[normalize-space()='Login']</arg>
<doc>Click the element identified by ``locator``.</doc>
<msg timestamp="20230125 16:19:34.119" level="INFO">Clicking element 'xpath=//button[normalize-space()='Login']'.</msg>
<status status="PASS" starttime="20230125 16:19:34.115" endtime="20230125 16:19:35.766"/>
</kw>
<kw name="Click Element" library="SeleniumLibrary">
<arg>xpath=//span[text()='PIM']</arg>
<doc>Click the element identified by ``locator``.</doc>
<msg timestamp="20230125 16:19:35.768" level="INFO">Clicking element 'xpath=//span[text()='PIM']'.</msg>
<status status="PASS" starttime="20230125 16:19:35.767" endtime="20230125 16:19:37.817"/>
</kw>
<kw name="Click Element" library="SeleniumLibrary">
<arg>link=Add Employee</arg>
<doc>Click the element identified by ``locator``.</doc>
<msg timestamp="20230125 16:19:37.821" level="INFO">Clicking element 'link=Add Employee'.</msg>
<status status="PASS" starttime="20230125 16:19:37.818" endtime="20230125 16:19:39.269"/>
</kw>
<kw name="Input Text" library="SeleniumLibrary">
<arg>name=firstName</arg>
<arg>${firstName}</arg>
<doc>Types the given ``text`` into the text field identified by ``locator``.</doc>
<msg timestamp="20230125 16:19:39.272" level="INFO">Typing text 'John' into text field 'name=firstName'.</msg>
<status status="PASS" starttime="20230125 16:19:39.271" endtime="20230125 16:19:40.006"/>
</kw>
<kw name="Input Text" library="SeleniumLibrary">
<arg>name=middleName</arg>
<arg>${middleName}</arg>
<doc>Types the given ``text`` into the text field identified by ``locator``.</doc>
<msg timestamp="20230125 16:19:40.007" level="INFO">Typing text 'j' into text field 'name=middleName'.</msg>
<status status="PASS" starttime="20230125 16:19:40.006" endtime="20230125 16:19:40.121"/>
</kw>
<kw name="Input Text" library="SeleniumLibrary">
<arg>name=lastName</arg>
<arg>${lastName}</arg>
<doc>Types the given ``text`` into the text field identified by ``locator``.</doc>
<msg timestamp="20230125 16:19:40.124" level="INFO">Typing text 'ken' into text field 'name=lastName'.</msg>
<status status="PASS" starttime="20230125 16:19:40.121" endtime="20230125 16:19:40.257"/>
</kw>
<kw name="Click Element" library="SeleniumLibrary">
<arg>xpath=//button[normalize-space()='Save']</arg>
<doc>Click the element identified by ``locator``.</doc>
<msg timestamp="20230125 16:19:40.258" level="INFO">Clicking element 'xpath=//button[normalize-space()='Save']'.</msg>
<status status="PASS" starttime="20230125 16:19:40.257" endtime="20230125 16:19:40.892"/>
</kw>
<kw name="Sleep" library="BuiltIn">
<arg>5s</arg>
<doc>Pauses the test executed for the given time.</doc>
<msg timestamp="20230125 16:19:45.904" level="INFO">Slept 5 seconds</msg>
<status status="PASS" starttime="20230125 16:19:40.893" endtime="20230125 16:19:45.905"/>
</kw>
<kw name="Element Should Contain" library="SeleniumLibrary">
<arg>xpath=//h6[contains(normalize-space(),'${firstName}')]</arg>
<arg>${expected_value1}</arg>
<doc>Verifies that element ``locator`` contains text ``expected``.</doc>
<msg timestamp="20230125 16:19:46.017" level="INFO">Element 'xpath=//h6[contains(normalize-space(),'John')]' contains text 'John ken'.</msg>
<status status="PASS" starttime="20230125 16:19:45.905" endtime="20230125 16:19:46.017"/>
</kw>
<kw name="Element Attribute Value Should Be" library="SeleniumLibrary">
<arg>xpath=//input[@name='firstName']</arg>
<arg>value</arg>
<arg>${expected_value2}</arg>
<doc>Verifies element identified by ``locator`` contains expected attribute value.</doc>
<msg timestamp="20230125 16:19:46.051" level="INFO">Element 'xpath=//input[@name='firstName']' attribute 'value' contains value 'John'.</msg>
<status status="PASS" starttime="20230125 16:19:46.018" endtime="20230125 16:19:46.051"/>
</kw>
<status status="PASS" starttime="20230125 16:19:32.520" endtime="20230125 16:19:46.052"/>
</kw>
<kw name="Close Browser" library="SeleniumLibrary" type="TEARDOWN">
<doc>Closes the current browser.</doc>
<status status="PASS" starttime="20230125 16:19:46.053" endtime="20230125 16:19:48.353"/>
</kw>
<status status="PASS" starttime="20230125 16:19:16.711" endtime="20230125 16:19:48.353"/>
</test>
<test id="s1-t2" name="Add Valid Employee Test_TC2" line="14">
<kw name="Launch Browser And Navigate To Url" library="common_functionalities" type="SETUP">
<kw name="Open Browser" library="SeleniumLibrary">
<arg>browser=${BROWSER_NAME}</arg>
<doc>Opens a new browser instance to the optional ``url``.</doc>
<msg timestamp="20230125 16:19:48.353" level="INFO">Opening browser 'chrome' to base url 'None'.</msg>
<status status="PASS" starttime="20230125 16:19:48.353" endtime="20230125 16:19:49.924"/>
</kw>
<kw name="Maximize Browser Window" library="SeleniumLibrary">
<doc>Maximizes current browser window.</doc>
<status status="PASS" starttime="20230125 16:19:49.926" endtime="20230125 16:19:50.052"/>
</kw>
<kw name="Set Selenium Implicit Wait" library="SeleniumLibrary">
<arg>20s</arg>
<doc>Sets the implicit wait value used by Selenium.</doc>
<status status="PASS" starttime="20230125 16:19:50.052" endtime="20230125 16:19:50.058"/>
</kw>
<kw name="Go To" library="SeleniumLibrary">
<arg>url=${URL}</arg>
<doc>Navigates the current browser window to the provided ``url``.</doc>
<msg timestamp="20230125 16:19:50.059" level="INFO">Opening url 'https://opensource-demo.orangehrmlive.com/'</msg>
<status status="PASS" starttime="20230125 16:19:50.058" endtime="20230125 16:19:58.729"/>
</kw>
<status status="PASS" starttime="20230125 16:19:48.353" endtime="20230125 16:19:58.730"/>
</kw>
<kw name="Add Valid Employee Template">
<arg>Admin</arg>
<arg>admin123</arg>
<arg>Kim</arg>
<arg>r</arg>
<arg>jin</arg>
<arg>Kim jin</arg>
<arg>Kim</arg>
<kw name="Input Text" library="SeleniumLibrary">
<arg>name=username</arg>
<arg>${username}</arg>
<doc>Types the given ``text`` into the text field identified by ``locator``.</doc>
<msg timestamp="20230125 16:19:58.731" level="INFO">Typing text 'Admin' into text field 'name=username'.</msg>
<status status="PASS" starttime="20230125 16:19:58.730" endtime="20230125 16:20:00.053"/>
</kw>
<kw name="Input Password" library="SeleniumLibrary">
<arg>name=password</arg>
<arg>${password}</arg>
<doc>Types the given password into the text field identified by ``locator``.</doc>
<msg timestamp="20230125 16:20:00.056" level="INFO">Typing password into text field 'name=password'.</msg>
<msg timestamp="20230125 16:20:00.107" level="INFO">Temporally setting log level to: NONE</msg>
<msg timestamp="20230125 16:20:00.191" level="INFO">Log level changed from NONE to INFO.</msg>
<status status="PASS" starttime="20230125 16:20:00.053" endtime="20230125 16:20:00.191"/>
</kw>
<kw name="Click Element" library="SeleniumLibrary">
<arg>xpath=//button[normalize-space()='Login']</arg>
<doc>Click the element identified by ``locator``.</doc>
<msg timestamp="20230125 16:20:00.192" level="INFO">Clicking element 'xpath=//button[normalize-space()='Login']'.</msg>
<status status="PASS" starttime="20230125 16:20:00.191" endtime="20230125 16:20:01.778"/>
</kw>
<kw name="Click Element" library="SeleniumLibrary">
<arg>xpath=//span[text()='PIM']</arg>
<doc>Click the element identified by ``locator``.</doc>
<msg timestamp="20230125 16:20:01.779" level="INFO">Clicking element 'xpath=//span[text()='PIM']'.</msg>
<status status="PASS" starttime="20230125 16:20:01.778" endtime="20230125 16:20:03.911"/>
</kw>
<kw name="Click Element" library="SeleniumLibrary">
<arg>link=Add Employee</arg>
<doc>Click the element identified by ``locator``.</doc>
<msg timestamp="20230125 16:20:03.913" level="INFO">Clicking element 'link=Add Employee'.</msg>
<status status="PASS" starttime="20230125 16:20:03.912" endtime="20230125 16:20:05.221"/>
</kw>
<kw name="Input Text" library="SeleniumLibrary">
<arg>name=firstName</arg>
<arg>${firstName}</arg>
<doc>Types the given ``text`` into the text field identified by ``locator``.</doc>
<msg timestamp="20230125 16:20:05.223" level="INFO">Typing text 'Kim' into text field 'name=firstName'.</msg>
<status status="PASS" starttime="20230125 16:20:05.221" endtime="20230125 16:20:05.711"/>
</kw>
<kw name="Input Text" library="SeleniumLibrary">
<arg>name=middleName</arg>
<arg>${middleName}</arg>
<doc>Types the given ``text`` into the text field identified by ``locator``.</doc>
<msg timestamp="20230125 16:20:05.712" level="INFO">Typing text 'r' into text field 'name=middleName'.</msg>
<status status="PASS" starttime="20230125 16:20:05.711" endtime="20230125 16:20:05.813"/>
</kw>
<kw name="Input Text" library="SeleniumLibrary">
<arg>name=lastName</arg>
<arg>${lastName}</arg>
<doc>Types the given ``text`` into the text field identified by ``locator``.</doc>
<msg timestamp="20230125 16:20:05.815" level="INFO">Typing text 'jin' into text field 'name=lastName'.</msg>
<status status="PASS" starttime="20230125 16:20:05.814" endtime="20230125 16:20:05.950"/>
</kw>
<kw name="Click Element" library="SeleniumLibrary">
<arg>xpath=//button[normalize-space()='Save']</arg>
<doc>Click the element identified by ``locator``.</doc>
<msg timestamp="20230125 16:20:05.951" level="INFO">Clicking element 'xpath=//button[normalize-space()='Save']'.</msg>
<status status="PASS" starttime="20230125 16:20:05.951" endtime="20230125 16:20:06.487"/>
</kw>
<kw name="Sleep" library="BuiltIn">
<arg>5s</arg>
<doc>Pauses the test executed for the given time.</doc>
<msg timestamp="20230125 16:20:11.497" level="INFO">Slept 5 seconds</msg>
<status status="PASS" starttime="20230125 16:20:06.487" endtime="20230125 16:20:11.498"/>
</kw>
<kw name="Element Should Contain" library="SeleniumLibrary">
<arg>xpath=//h6[contains(normalize-space(),'${firstName}')]</arg>
<arg>${expected_value1}</arg>
<doc>Verifies that element ``locator`` contains text ``expected``.</doc>
<msg timestamp="20230125 16:20:12.407" level="INFO">Element 'xpath=//h6[contains(normalize-space(),'Kim')]' contains text 'Kim jin'.</msg>
<status status="PASS" starttime="20230125 16:20:11.498" endtime="20230125 16:20:12.407"/>
</kw>
<kw name="Element Attribute Value Should Be" library="SeleniumLibrary">
<arg>xpath=//input[@name='firstName']</arg>
<arg>value</arg>
<arg>${expected_value2}</arg>
<doc>Verifies element identified by ``locator`` contains expected attribute value.</doc>
<msg timestamp="20230125 16:20:12.440" level="INFO">Element 'xpath=//input[@name='firstName']' attribute 'value' contains value 'Kim'.</msg>
<status status="PASS" starttime="20230125 16:20:12.408" endtime="20230125 16:20:12.441"/>
</kw>
<status status="PASS" starttime="20230125 16:19:58.730" endtime="20230125 16:20:12.441"/>
</kw>
<kw name="Close Browser" library="SeleniumLibrary" type="TEARDOWN">
<doc>Closes the current browser.</doc>
<status status="PASS" starttime="20230125 16:20:12.441" endtime="20230125 16:20:14.654"/>
</kw>
<status status="PASS" starttime="20230125 16:19:48.353" endtime="20230125 16:20:14.654"/>
</test>
<doc>This file contains test cases for add valid emplooyee
records</doc>
<status status="PASS" starttime="20230125 16:19:15.565" endtime="20230125 16:20:14.654"/>
</suite>
<statistics>
<total>
<stat pass="2" fail="0" skip="0">All Tests</stat>
</total>
<tag>
</tag>
<suite>
<stat pass="2" fail="0" skip="0" id="s1" name="Add Employee Test">Add Employee Test</stat>
</suite>
</statistics>
<errors>
</errors>
</robot>
